<?xml version="1.0" encoding="UTF-8"?>
<!-- Generated by org.testng.reporters.JUnitReportReporter -->
<testsuite hostname="NeverMind" failures="0" tests="1" name="automation.qaTest.RegisterTest" time="16.394" errors="0" timestamp="2024-09-22T19:42:23 NPT" skipped="0">
  <testcase classname="automation.qaTest.RegisterTest" name="verifyRegisterTest" time="16.394"/>
  <system-out/>
</testsuite> <!-- automation.qaTest.RegisterTest -->
